[35m[Appium][39m Welcome to Appium v1.22.3
[35m[Appium][39m Non-default server args:
[35m[Appium][39m   port: 52801
[35m[Appium][39m   loglevel: info
[35m[Appium][39m   tmpDir: C:\Users\095050\AppData\Local\Temp\\Katalon\Appium\Temp1657618838550
[35m[Appium][39m   chromedriverPort: 52802
[35m[Appium][39m Deprecated server args:
[35m[Appium][39m   [31m--chromedriver-port[39m => --default-capabilities
[35m[Appium][39m Default capabilities, which will be added to each request unless overridden by desired capabilities:
[35m[Appium][39m   chromedriverPort: 52802
[35m[Appium][39m Appium REST http interface listener started on 0.0.0.0:52801
[35m[HTTP][39m [37m-->[39m [37mGET[39m [37m/wd/hub/status[39m
[35m[HTTP][39m [90m{}[39m
[35m[HTTP][39m [37m<-- GET /wd/hub/status [39m[32m200[39m [90m4 ms - 68[39m
[35m[HTTP][39m [90m[39m
[35m[HTTP][39m [37m-->[39m [37mGET[39m [37m/wd/hub/status[39m
[35m[HTTP][39m [90m{}[39m
[35m[HTTP][39m [37m<-- GET /wd/hub/status [39m[32m200[39m [90m1 ms - 68[39m
[35m[HTTP][39m [90m[39m
[35m[HTTP][39m [37m-->[39m [37mPOST[39m [37m/wd/hub/session[39m
[35m[HTTP][39m [90m{"desiredCapabilities":{"appActivity":".Settings","appPackage":"com.android.settings","newCommandTimeout":1800,"platformVersion":"11","automationName":"uiautomator2","autoGrantPermissions":true,"platformName":"Android","udid":"16295cae","deviceName":"Xiaomi Redmi Note 8 (Android 11)","platform":"ANDROID","systemPort":8298},"capabilities":{"firstMatch":[{"appium:appActivity":".Settings","appium:appPackage":"com.android.settings","appium:autoGrantPermissions":true,"appium:automationName":"uiautomator2","appium:deviceName":"Xiaomi Redmi Note 8 (Android 11)","appium:newCommandTimeout":1800,"platform":"ANDROID","platformName":"android","appium:platformVersion":"11","appium:systemPort":8298,"appium:udid":"16295cae"}]}}[39m
[35m[BaseDriver][39m The following capabilities are not standard capabilities and should have an extension prefix:
[35m[BaseDriver][39m   platform
[35m[BaseDriver][39m   chromedriverPort
[35m[Appium][39m Appium v1.22.3 creating new AndroidUiautomator2Driver (v1.70.1) session
[35m[BaseDriver][39m The following capabilities were provided, but are not recognized by Appium:
[35m[BaseDriver][39m   platform
[35m[BaseDriver][39m Session created with session id: d8f400c0-875a-4c5a-913d-0d1d31909cd5
[35m[UiAutomator2][39m Starting 'com.android.settings' directly on the device
[35m[ADB][39m Found 1 'build-tools' folders under 'C:\Users\095050\.katalon\tools\android_sdk' (newest first):
[35m[ADB][39m     C:/Users/095050/.katalon/tools/android_sdk/build-tools/29.0.3
[35m[ADB][39m Using 'adb.exe' from 'C:\Users\095050\.katalon\tools\android_sdk\platform-tools\adb.exe'
[35m[AndroidDriver][39m Retrieving device list
[35m[AndroidDriver][39m Using device: 16295cae
[35m[ADB][39m Using 'adb.exe' from 'C:\Users\095050\.katalon\tools\android_sdk\platform-tools\adb.exe'
[35m[ADB][39m Getting device platform version
[35m[UiAutomator2][39m Relaxing hidden api policy
[35m[AndroidDriver][39m No app sent in, not parsing package/activity
[35m[ADB][39m Using 'apksigner.jar' from 'C:\Users\095050\.katalon\tools\android_sdk\build-tools\29.0.3\lib\apksigner.jar'
[35m[ADB][39m 'C:\Users\095050\AppData\Roaming\npm\node_modules\appium\node_modules\appium-uiautomator2-server\apks\appium-uiautomator2-server-v4.27.0.apk' is signed with the default certificate
[35m[ADB][39m 'C:\Users\095050\AppData\Roaming\npm\node_modules\appium\node_modules\appium-uiautomator2-server\apks\appium-uiautomator2-server-debug-androidTest.apk' is signed with the default certificate
[35m[UiAutomator2][39m Server packages are not going to be (re)installed
[35m[ADB][39m Adding packages ["io.appium.settings","io.appium.uiautomator2.server","io.appium.uiautomator2.server.test"] to Doze whitelist
[35m[UiAutomator2][39m Starting UIAutomator2 server 4.27.0
[35m[UiAutomator2][39m Using UIAutomator2 server from 'C:\Users\095050\AppData\Roaming\npm\node_modules\appium\node_modules\appium-uiautomator2-server\apks\appium-uiautomator2-server-v4.27.0.apk' and test from 'C:\Users\095050\AppData\Roaming\npm\node_modules\appium\node_modules\appium-uiautomator2-server\apks\appium-uiautomator2-server-debug-androidTest.apk'
[35m[UiAutomator2][39m Waiting up to 30000ms for UiAutomator2 to be online...
[35m[WD Proxy][39m socket hang up
[35m[WD Proxy][39m socket hang up
[35m[WD Proxy][39m socket hang up
[35m[WD Proxy][39m Determined the downstream protocol as 'W3C'
[35m[AndroidDriver][39m Screen already unlocked, doing nothing
[35m[UiAutomator2][39m Starting 'com.android.settings/.Settings and waiting for 'com.android.settings/.Settings'
[35m[Appium][39m New AndroidUiautomator2Driver session created successfully, session d8f400c0-875a-4c5a-913d-0d1d31909cd5 added to master session list
[35m[HTTP][39m [37m<-- POST /wd/hub/session [39m[32m200[39m [90m12720 ms - 1151[39m
[35m[HTTP][39m [90m[39m
[35m[HTTP][39m [37m-->[39m [37mGET[39m [37m/wd/hub/session/d8f400c0-875a-4c5a-913d-0d1d31909cd5[39m
[35m[HTTP][39m [90m{}[39m
[35m[HTTP][39m [37m<-- GET /wd/hub/session/d8f400c0-875a-4c5a-913d-0d1d31909cd5 [39m[32m200[39m [90m22 ms - 1105[39m
[35m[HTTP][39m [90m[39m
[35m[HTTP][39m [37m-->[39m [37mGET[39m [37m/wd/hub/session/d8f400c0-875a-4c5a-913d-0d1d31909cd5[39m
[35m[HTTP][39m [90m{}[39m
[35m[HTTP][39m [37m<-- GET /wd/hub/session/d8f400c0-875a-4c5a-913d-0d1d31909cd5 [39m[32m200[39m [90m13 ms - 1105[39m
[35m[HTTP][39m [90m[39m
[35m[HTTP][39m [37m-->[39m [37mGET[39m [37m/wd/hub/status[39m
[35m[HTTP][39m [90m{}[39m
[35m[HTTP][39m [37m<-- GET /wd/hub/status [39m[32m200[39m [90m1 ms - 68[39m
[35m[HTTP][39m [90m[39m
[35m[HTTP][39m [37m-->[39m [37mPOST[39m [37m/wd/hub/session/d8f400c0-875a-4c5a-913d-0d1d31909cd5/timeouts[39m
[35m[HTTP][39m [90m{"implicit":60000}[39m
[35m[HTTP][39m [37m<-- POST /wd/hub/session/d8f400c0-875a-4c5a-913d-0d1d31909cd5/timeouts [39m[32m200[39m [90m2 ms - 14[39m
[35m[HTTP][39m [90m[39m
[35m[HTTP][39m [37m-->[39m [37mGET[39m [37m/wd/hub/session/d8f400c0-875a-4c5a-913d-0d1d31909cd5/screenshot[39m
[35m[HTTP][39m [90m{}[39m
[35m[HTTP][39m [37m<-- GET /wd/hub/session/d8f400c0-875a-4c5a-913d-0d1d31909cd5/screenshot [39m[32m200[39m [90m919 ms - 169178[39m
[35m[HTTP][39m [90m[39m
[35m[HTTP][39m [37m-->[39m [37mGET[39m [37m/wd/hub/session/d8f400c0-875a-4c5a-913d-0d1d31909cd5/window/rect[39m
[35m[HTTP][39m [90m{}[39m
[35m[HTTP][39m [37m<-- GET /wd/hub/session/d8f400c0-875a-4c5a-913d-0d1d31909cd5/window/rect [39m[32m200[39m [90m18 ms - 50[39m
[35m[HTTP][39m [90m[39m
[35m[HTTP][39m [37m-->[39m [37mGET[39m [37m/wd/hub/session/d8f400c0-875a-4c5a-913d-0d1d31909cd5/appium/device/system_bars[39m
[35m[HTTP][39m [90m{}[39m
[35m[HTTP][39m [37m<-- GET /wd/hub/session/d8f400c0-875a-4c5a-913d-0d1d31909cd5/appium/device/system_bars [39m[32m200[39m [90m130 ms - 148[39m
[35m[HTTP][39m [90m[39m
[35m[HTTP][39m [37m-->[39m [37mPOST[39m [37m/wd/hub/session/d8f400c0-875a-4c5a-913d-0d1d31909cd5/appium/device/activate_app[39m
[35m[HTTP][39m [90m{"bundleId":"com.example.mikebanks.bankscorpfinancial"}[39m
[35m[HTTP][39m [37m<-- POST /wd/hub/session/d8f400c0-875a-4c5a-913d-0d1d31909cd5/appium/device/activate_app [39m[32m200[39m [90m729 ms - 14[39m
[35m[HTTP][39m [90m[39m
[35m[HTTP][39m [37m-->[39m [37mGET[39m [37m/wd/hub/session/d8f400c0-875a-4c5a-913d-0d1d31909cd5/source[39m
[35m[HTTP][39m [90m{}[39m
[35m[W3C (d8f400c0)][39m Driver proxy active, passing request on via HTTP proxy
[35m[WD Proxy][39m Replacing sessionId 0ea7c7e3-3964-47ec-ae77-c64c1fd14e55 with d8f400c0-875a-4c5a-913d-0d1d31909cd5
[35m[HTTP][39m [37m<-- GET /wd/hub/session/d8f400c0-875a-4c5a-913d-0d1d31909cd5/source [39m[32m200[39m [90m1425 ms - 10640[39m
[35m[HTTP][39m [90m[39m
[35m[HTTP][39m [37m-->[39m [37mGET[39m [37m/wd/hub/session/d8f400c0-875a-4c5a-913d-0d1d31909cd5/screenshot[39m
[35m[HTTP][39m [90m{}[39m
[35m[HTTP][39m [37m<-- GET /wd/hub/session/d8f400c0-875a-4c5a-913d-0d1d31909cd5/screenshot [39m[32m200[39m [90m592 ms - 102168[39m
[35m[HTTP][39m [90m[39m
[35m[HTTP][39m [37m-->[39m [37mPOST[39m [37m/wd/hub/session/d8f400c0-875a-4c5a-913d-0d1d31909cd5/elements[39m
[35m[HTTP][39m [90m{"using":"xpath","value":"//*[@class = 'android.widget.Button' and (@text = 'LOGIN' or . = 'LOGIN') and @resource-id = 'com.example.mikebanks.bankscorpfinancial:id/btn_login']"}[39m
[35m[HTTP][39m [37m<-- POST /wd/hub/session/d8f400c0-875a-4c5a-913d-0d1d31909cd5/elements [39m[32m200[39m [90m428 ms - 139[39m
[35m[HTTP][39m [90m[39m
[35m[HTTP][39m [37m-->[39m [37mGET[39m [37m/wd/hub/session/d8f400c0-875a-4c5a-913d-0d1d31909cd5/window/rect[39m
[35m[HTTP][39m [90m{}[39m
[35m[HTTP][39m [37m<-- GET /wd/hub/session/d8f400c0-875a-4c5a-913d-0d1d31909cd5/window/rect [39m[32m200[39m [90m20 ms - 50[39m
[35m[HTTP][39m [90m[39m
[35m[HTTP][39m [37m-->[39m [37mPOST[39m [37m/wd/hub/session/d8f400c0-875a-4c5a-913d-0d1d31909cd5/elements[39m
[35m[HTTP][39m [90m{"using":"xpath","value":"//*[@class = 'android.widget.Button' and (@text = 'LOGIN' or . = 'LOGIN') and @resource-id = 'com.example.mikebanks.bankscorpfinancial:id/btn_login']"}[39m
[35m[HTTP][39m [37m<-- POST /wd/hub/session/d8f400c0-875a-4c5a-913d-0d1d31909cd5/elements [39m[32m200[39m [90m164 ms - 139[39m
[35m[HTTP][39m [90m[39m
[35m[HTTP][39m [37m-->[39m [37mGET[39m [37m/wd/hub/session/d8f400c0-875a-4c5a-913d-0d1d31909cd5/element/00000000-0000-05bf-ffff-ffff00000010/location[39m
[35m[HTTP][39m [90m{}[39m
[35m[W3C (d8f400c0)][39m Driver proxy active, passing request on via HTTP proxy
[35m[WD Proxy][39m Replacing sessionId 0ea7c7e3-3964-47ec-ae77-c64c1fd14e55 with d8f400c0-875a-4c5a-913d-0d1d31909cd5
[35m[HTTP][39m [37m<-- GET /wd/hub/session/d8f400c0-875a-4c5a-913d-0d1d31909cd5/element/00000000-0000-05bf-ffff-ffff00000010/location [39m[32m200[39m [90m48 ms - 78[39m
[35m[HTTP][39m [90m[39m
[35m[HTTP][39m [37m-->[39m [37mPOST[39m [37m/wd/hub/session/d8f400c0-875a-4c5a-913d-0d1d31909cd5/element/00000000-0000-05bf-ffff-ffff00000010/click[39m
[35m[HTTP][39m [90m{"id":"00000000-0000-05bf-ffff-ffff00000010"}[39m
[35m[HTTP][39m [37m<-- POST /wd/hub/session/d8f400c0-875a-4c5a-913d-0d1d31909cd5/element/00000000-0000-05bf-ffff-ffff00000010/click [39m[32m200[39m [90m156 ms - 14[39m
[35m[HTTP][39m [90m[39m
[35m[HTTP][39m [37m-->[39m [37mGET[39m [37m/wd/hub/session/d8f400c0-875a-4c5a-913d-0d1d31909cd5/source[39m
[35m[HTTP][39m [90m{}[39m
[35m[W3C (d8f400c0)][39m Driver proxy active, passing request on via HTTP proxy
[35m[WD Proxy][39m Replacing sessionId 0ea7c7e3-3964-47ec-ae77-c64c1fd14e55 with d8f400c0-875a-4c5a-913d-0d1d31909cd5
[35m[HTTP][39m [37m<-- GET /wd/hub/session/d8f400c0-875a-4c5a-913d-0d1d31909cd5/source [39m[32m200[39m [90m657 ms - 9747[39m
[35m[HTTP][39m [90m[39m
[35m[HTTP][39m [37m-->[39m [37mGET[39m [37m/wd/hub/session/d8f400c0-875a-4c5a-913d-0d1d31909cd5/screenshot[39m
[35m[HTTP][39m [90m{}[39m
[35m[HTTP][39m [37m<-- GET /wd/hub/session/d8f400c0-875a-4c5a-913d-0d1d31909cd5/screenshot [39m[32m200[39m [90m820 ms - 115280[39m
[35m[HTTP][39m [90m[39m
[35m[HTTP][39m [37m-->[39m [37mPOST[39m [37m/wd/hub/session/d8f400c0-875a-4c5a-913d-0d1d31909cd5/elements[39m
[35m[HTTP][39m [90m{"using":"xpath","value":"//*[@class = 'android.widget.ImageButton' and (@text = '' or . = '')]"}[39m
[35m[HTTP][39m [37m<-- POST /wd/hub/session/d8f400c0-875a-4c5a-913d-0d1d31909cd5/elements [39m[32m200[39m [90m189 ms - 139[39m
[35m[HTTP][39m [90m[39m
[35m[HTTP][39m [37m-->[39m [37mGET[39m [37m/wd/hub/session/d8f400c0-875a-4c5a-913d-0d1d31909cd5/window/rect[39m
[35m[HTTP][39m [90m{}[39m
[35m[HTTP][39m [37m<-- GET /wd/hub/session/d8f400c0-875a-4c5a-913d-0d1d31909cd5/window/rect [39m[32m200[39m [90m13 ms - 50[39m
[35m[HTTP][39m [90m[39m
[35m[HTTP][39m [37m-->[39m [37mPOST[39m [37m/wd/hub/session/d8f400c0-875a-4c5a-913d-0d1d31909cd5/elements[39m
[35m[HTTP][39m [90m{"using":"xpath","value":"//*[@class = 'android.widget.ImageButton' and (@text = '' or . = '')]"}[39m
[35m[HTTP][39m [37m<-- POST /wd/hub/session/d8f400c0-875a-4c5a-913d-0d1d31909cd5/elements [39m[32m200[39m [90m139 ms - 139[39m
[35m[HTTP][39m [90m[39m
[35m[HTTP][39m [37m-->[39m [37mGET[39m [37m/wd/hub/session/d8f400c0-875a-4c5a-913d-0d1d31909cd5/element/00000000-0000-05c0-ffff-ffff00000026/location[39m
[35m[HTTP][39m [90m{}[39m
[35m[W3C (d8f400c0)][39m Driver proxy active, passing request on via HTTP proxy
[35m[WD Proxy][39m Replacing sessionId 0ea7c7e3-3964-47ec-ae77-c64c1fd14e55 with d8f400c0-875a-4c5a-913d-0d1d31909cd5
[35m[HTTP][39m [37m<-- GET /wd/hub/session/d8f400c0-875a-4c5a-913d-0d1d31909cd5/element/00000000-0000-05c0-ffff-ffff00000026/location [39m[32m200[39m [90m29 ms - 75[39m
[35m[HTTP][39m [90m[39m
[35m[HTTP][39m [37m-->[39m [37mPOST[39m [37m/wd/hub/session/d8f400c0-875a-4c5a-913d-0d1d31909cd5/element/00000000-0000-05c0-ffff-ffff00000026/click[39m
[35m[HTTP][39m [90m{"id":"00000000-0000-05c0-ffff-ffff00000026"}[39m
[35m[HTTP][39m [37m<-- POST /wd/hub/session/d8f400c0-875a-4c5a-913d-0d1d31909cd5/element/00000000-0000-05c0-ffff-ffff00000026/click [39m[32m200[39m [90m104 ms - 14[39m
[35m[HTTP][39m [90m[39m
[35m[HTTP][39m [37m-->[39m [37mGET[39m [37m/wd/hub/session/d8f400c0-875a-4c5a-913d-0d1d31909cd5/source[39m
[35m[HTTP][39m [90m{}[39m
[35m[W3C (d8f400c0)][39m Driver proxy active, passing request on via HTTP proxy
[35m[WD Proxy][39m Replacing sessionId 0ea7c7e3-3964-47ec-ae77-c64c1fd14e55 with d8f400c0-875a-4c5a-913d-0d1d31909cd5
[35m[HTTP][39m [37m<-- GET /wd/hub/session/d8f400c0-875a-4c5a-913d-0d1d31909cd5/source [39m[32m200[39m [90m505 ms - 23012[39m
[35m[HTTP][39m [90m[39m
[35m[HTTP][39m [37m-->[39m [37mGET[39m [37m/wd/hub/session/d8f400c0-875a-4c5a-913d-0d1d31909cd5/screenshot[39m
[35m[HTTP][39m [90m{}[39m
[35m[HTTP][39m [37m<-- GET /wd/hub/session/d8f400c0-875a-4c5a-913d-0d1d31909cd5/screenshot [39m[32m200[39m [90m729 ms - 285194[39m
[35m[HTTP][39m [90m[39m
[35m[HTTP][39m [37m-->[39m [37mPOST[39m [37m/wd/hub/session/d8f400c0-875a-4c5a-913d-0d1d31909cd5/elements[39m
[35m[HTTP][39m [90m{"using":"xpath","value":"//*[@class = 'android.widget.TextView' and (@text = 'Good afternoon, Yusuf. Welcome to the Bank App Demo. Happy Tuesday.' or . = 'Good afternoon, Yusuf. Welcome to the Bank App Demo. Happy Tuesday.') and @resource-id = 'com.example.mikebanks.bankscorpfinancial:id/txt_welcome']"}[39m
[35m[HTTP][39m [37m<-- POST /wd/hub/session/d8f400c0-875a-4c5a-913d-0d1d31909cd5/elements [39m[32m200[39m [90m241 ms - 139[39m
[35m[HTTP][39m [90m[39m
[35m[HTTP][39m [37m-->[39m [37mGET[39m [37m/wd/hub/session/d8f400c0-875a-4c5a-913d-0d1d31909cd5/window/rect[39m
[35m[HTTP][39m [90m{}[39m
[35m[HTTP][39m [37m<-- GET /wd/hub/session/d8f400c0-875a-4c5a-913d-0d1d31909cd5/window/rect [39m[32m200[39m [90m11 ms - 50[39m
[35m[HTTP][39m [90m[39m
[35m[HTTP][39m [37m-->[39m [37mPOST[39m [37m/wd/hub/session/d8f400c0-875a-4c5a-913d-0d1d31909cd5/elements[39m
[35m[HTTP][39m [90m{"using":"xpath","value":"//*[@class = 'android.widget.TextView' and (@text = 'Good afternoon, Yusuf. Welcome to the Bank App Demo. Happy Tuesday.' or . = 'Good afternoon, Yusuf. Welcome to the Bank App Demo. Happy Tuesday.') and @resource-id = 'com.example.mikebanks.bankscorpfinancial:id/txt_welcome']"}[39m
[35m[HTTP][39m [37m<-- POST /wd/hub/session/d8f400c0-875a-4c5a-913d-0d1d31909cd5/elements [39m[32m200[39m [90m163 ms - 139[39m
[35m[HTTP][39m [90m[39m
[35m[HTTP][39m [37m-->[39m [37mGET[39m [37m/wd/hub/session/d8f400c0-875a-4c5a-913d-0d1d31909cd5/element/00000000-0000-05c0-ffff-ffff00000029/location[39m
[35m[HTTP][39m [90m{}[39m
[35m[W3C (d8f400c0)][39m Driver proxy active, passing request on via HTTP proxy
[35m[WD Proxy][39m Replacing sessionId 0ea7c7e3-3964-47ec-ae77-c64c1fd14e55 with d8f400c0-875a-4c5a-913d-0d1d31909cd5
[35m[HTTP][39m [37m<-- GET /wd/hub/session/d8f400c0-875a-4c5a-913d-0d1d31909cd5/element/00000000-0000-05c0-ffff-ffff00000029/location [39m[32m200[39m [90m38 ms - 77[39m
[35m[HTTP][39m [90m[39m
[35m[HTTP][39m [37m-->[39m [37mPOST[39m [37m/wd/hub/session/d8f400c0-875a-4c5a-913d-0d1d31909cd5/element/00000000-0000-05c0-ffff-ffff00000029/click[39m
[35m[HTTP][39m [90m{"id":"00000000-0000-05c0-ffff-ffff00000029"}[39m
[35m[HTTP][39m [37m<-- POST /wd/hub/session/d8f400c0-875a-4c5a-913d-0d1d31909cd5/element/00000000-0000-05c0-ffff-ffff00000029/click [39m[32m200[39m [90m89 ms - 14[39m
[35m[HTTP][39m [90m[39m
[35m[HTTP][39m [37m-->[39m [37mGET[39m [37m/wd/hub/session/d8f400c0-875a-4c5a-913d-0d1d31909cd5/source[39m
[35m[HTTP][39m [90m{}[39m
[35m[W3C (d8f400c0)][39m Driver proxy active, passing request on via HTTP proxy
[35m[WD Proxy][39m Replacing sessionId 0ea7c7e3-3964-47ec-ae77-c64c1fd14e55 with d8f400c0-875a-4c5a-913d-0d1d31909cd5
[35m[HTTP][39m [37m<-- GET /wd/hub/session/d8f400c0-875a-4c5a-913d-0d1d31909cd5/source [39m[32m200[39m [90m166 ms - 23012[39m
[35m[HTTP][39m [90m[39m
[35m[HTTP][39m [37m-->[39m [37mGET[39m [37m/wd/hub/session/d8f400c0-875a-4c5a-913d-0d1d31909cd5/screenshot[39m
[35m[HTTP][39m [90m{}[39m
[35m[HTTP][39m [37m<-- GET /wd/hub/session/d8f400c0-875a-4c5a-913d-0d1d31909cd5/screenshot [39m[32m200[39m [90m745 ms - 285194[39m
[35m[HTTP][39m [90m[39m
[35m[HTTP][39m [37m-->[39m [37mPOST[39m [37m/wd/hub/session/d8f400c0-875a-4c5a-913d-0d1d31909cd5/elements[39m
[35m[HTTP][39m [90m{"using":"xpath","value":"//*[@class = 'android.widget.CheckedTextView' and (@text = 'Accounts' or . = 'Accounts') and @resource-id = 'com.example.mikebanks.bankscorpfinancial:id/design_menu_item_text']"}[39m
[35m[HTTP][39m [37m<-- POST /wd/hub/session/d8f400c0-875a-4c5a-913d-0d1d31909cd5/elements [39m[32m200[39m [90m214 ms - 139[39m
[35m[HTTP][39m [90m[39m
[35m[HTTP][39m [37m-->[39m [37mGET[39m [37m/wd/hub/session/d8f400c0-875a-4c5a-913d-0d1d31909cd5/window/rect[39m
[35m[HTTP][39m [90m{}[39m
[35m[HTTP][39m [37m<-- GET /wd/hub/session/d8f400c0-875a-4c5a-913d-0d1d31909cd5/window/rect [39m[32m200[39m [90m12 ms - 50[39m
[35m[HTTP][39m [90m[39m
[35m[HTTP][39m [37m-->[39m [37mPOST[39m [37m/wd/hub/session/d8f400c0-875a-4c5a-913d-0d1d31909cd5/elements[39m
[35m[HTTP][39m [90m{"using":"xpath","value":"//*[@class = 'android.widget.CheckedTextView' and (@text = 'Accounts' or . = 'Accounts') and @resource-id = 'com.example.mikebanks.bankscorpfinancial:id/design_menu_item_text']"}[39m
[35m[HTTP][39m [37m<-- POST /wd/hub/session/d8f400c0-875a-4c5a-913d-0d1d31909cd5/elements [39m[32m200[39m [90m153 ms - 139[39m
[35m[HTTP][39m [90m[39m
[35m[HTTP][39m [37m-->[39m [37mGET[39m [37m/wd/hub/session/d8f400c0-875a-4c5a-913d-0d1d31909cd5/element/00000000-0000-05c0-ffff-ffff0000003a/location[39m
[35m[HTTP][39m [90m{}[39m
[35m[W3C (d8f400c0)][39m Driver proxy active, passing request on via HTTP proxy
[35m[WD Proxy][39m Replacing sessionId 0ea7c7e3-3964-47ec-ae77-c64c1fd14e55 with d8f400c0-875a-4c5a-913d-0d1d31909cd5
[35m[HTTP][39m [37m<-- GET /wd/hub/session/d8f400c0-875a-4c5a-913d-0d1d31909cd5/element/00000000-0000-05c0-ffff-ffff0000003a/location [39m[32m200[39m [90m31 ms - 77[39m
[35m[HTTP][39m [90m[39m
[35m[HTTP][39m [37m-->[39m [37mPOST[39m [37m/wd/hub/session/d8f400c0-875a-4c5a-913d-0d1d31909cd5/element/00000000-0000-05c0-ffff-ffff0000003a/click[39m
[35m[HTTP][39m [90m{"id":"00000000-0000-05c0-ffff-ffff0000003a"}[39m
[35m[HTTP][39m [37m<-- POST /wd/hub/session/d8f400c0-875a-4c5a-913d-0d1d31909cd5/element/00000000-0000-05c0-ffff-ffff0000003a/click [39m[32m200[39m [90m107 ms - 14[39m
[35m[HTTP][39m [90m[39m
[35m[HTTP][39m [37m-->[39m [37mGET[39m [37m/wd/hub/session/d8f400c0-875a-4c5a-913d-0d1d31909cd5/source[39m
[35m[HTTP][39m [90m{}[39m
[35m[W3C (d8f400c0)][39m Driver proxy active, passing request on via HTTP proxy
[35m[WD Proxy][39m Replacing sessionId 0ea7c7e3-3964-47ec-ae77-c64c1fd14e55 with d8f400c0-875a-4c5a-913d-0d1d31909cd5
[35m[HTTP][39m [37m<-- GET /wd/hub/session/d8f400c0-875a-4c5a-913d-0d1d31909cd5/source [39m[32m200[39m [90m594 ms - 15740[39m
[35m[HTTP][39m [90m[39m
[35m[HTTP][39m [37m-->[39m [37mGET[39m [37m/wd/hub/session/d8f400c0-875a-4c5a-913d-0d1d31909cd5/screenshot[39m
[35m[HTTP][39m [90m{}[39m
[35m[HTTP][39m [37m<-- GET /wd/hub/session/d8f400c0-875a-4c5a-913d-0d1d31909cd5/screenshot [39m[32m200[39m [90m655 ms - 176650[39m
[35m[HTTP][39m [90m[39m
[35m[HTTP][39m [37m-->[39m [37mPOST[39m [37m/wd/hub/session/d8f400c0-875a-4c5a-913d-0d1d31909cd5/elements[39m
[35m[HTTP][39m [90m{"using":"xpath","value":"//*[@class = 'android.widget.TextView' and (@text = 'Kimura' or . = 'Kimura') and @resource-id = 'com.example.mikebanks.bankscorpfinancial:id/txt_account_name']"}[39m
[35m[HTTP][39m [37m<-- POST /wd/hub/session/d8f400c0-875a-4c5a-913d-0d1d31909cd5/elements [39m[32m200[39m [90m95 ms - 139[39m
[35m[HTTP][39m [90m[39m
[35m[HTTP][39m [37m-->[39m [37mGET[39m [37m/wd/hub/session/d8f400c0-875a-4c5a-913d-0d1d31909cd5/window/rect[39m
[35m[HTTP][39m [90m{}[39m
[35m[HTTP][39m [37m<-- GET /wd/hub/session/d8f400c0-875a-4c5a-913d-0d1d31909cd5/window/rect [39m[32m200[39m [90m13 ms - 50[39m
[35m[HTTP][39m [90m[39m
[35m[HTTP][39m [37m-->[39m [37mPOST[39m [37m/wd/hub/session/d8f400c0-875a-4c5a-913d-0d1d31909cd5/elements[39m
[35m[HTTP][39m [90m{"using":"xpath","value":"//*[@class = 'android.widget.TextView' and (@text = 'Kimura' or . = 'Kimura') and @resource-id = 'com.example.mikebanks.bankscorpfinancial:id/txt_account_name']"}[39m
[35m[HTTP][39m [37m<-- POST /wd/hub/session/d8f400c0-875a-4c5a-913d-0d1d31909cd5/elements [39m[32m200[39m [90m100 ms - 139[39m
[35m[HTTP][39m [90m[39m
[35m[HTTP][39m [37m-->[39m [37mGET[39m [37m/wd/hub/session/d8f400c0-875a-4c5a-913d-0d1d31909cd5/element/00000000-0000-05c0-ffff-ffff00000060/location[39m
[35m[HTTP][39m [90m{}[39m
[35m[W3C (d8f400c0)][39m Driver proxy active, passing request on via HTTP proxy
[35m[WD Proxy][39m Replacing sessionId 0ea7c7e3-3964-47ec-ae77-c64c1fd14e55 with d8f400c0-875a-4c5a-913d-0d1d31909cd5
[35m[HTTP][39m [37m<-- GET /wd/hub/session/d8f400c0-875a-4c5a-913d-0d1d31909cd5/element/00000000-0000-05c0-ffff-ffff00000060/location [39m[32m200[39m [90m20 ms - 78[39m
[35m[HTTP][39m [90m[39m
[35m[HTTP][39m [37m-->[39m [37mPOST[39m [37m/wd/hub/session/d8f400c0-875a-4c5a-913d-0d1d31909cd5/element/00000000-0000-05c0-ffff-ffff00000060/click[39m
[35m[HTTP][39m [90m{"id":"00000000-0000-05c0-ffff-ffff00000060"}[39m
[35m[HTTP][39m [37m<-- POST /wd/hub/session/d8f400c0-875a-4c5a-913d-0d1d31909cd5/element/00000000-0000-05c0-ffff-ffff00000060/click [39m[32m200[39m [90m956 ms - 14[39m
[35m[HTTP][39m [90m[39m
[35m[HTTP][39m [37m-->[39m [37mGET[39m [37m/wd/hub/session/d8f400c0-875a-4c5a-913d-0d1d31909cd5/source[39m
[35m[HTTP][39m [90m{}[39m
[35m[W3C (d8f400c0)][39m Driver proxy active, passing request on via HTTP proxy
[35m[WD Proxy][39m Replacing sessionId 0ea7c7e3-3964-47ec-ae77-c64c1fd14e55 with d8f400c0-875a-4c5a-913d-0d1d31909cd5
[35m[HTTP][39m [37m<-- GET /wd/hub/session/d8f400c0-875a-4c5a-913d-0d1d31909cd5/source [39m[32m200[39m [90m91 ms - 23161[39m
[35m[HTTP][39m [90m[39m
[35m[HTTP][39m [37m-->[39m [37mGET[39m [37m/wd/hub/session/d8f400c0-875a-4c5a-913d-0d1d31909cd5/screenshot[39m
[35m[HTTP][39m [90m{}[39m
[35m[HTTP][39m [37m<-- GET /wd/hub/session/d8f400c0-875a-4c5a-913d-0d1d31909cd5/screenshot [39m[32m200[39m [90m632 ms - 208350[39m
[35m[HTTP][39m [90m[39m
[35m[HTTP][39m [37m-->[39m [37mGET[39m [37m/wd/hub/session/d8f400c0-875a-4c5a-913d-0d1d31909cd5/screenshot[39m
[35m[HTTP][39m [90m{}[39m
[35m[HTTP][39m [37m<-- GET /wd/hub/session/d8f400c0-875a-4c5a-913d-0d1d31909cd5/screenshot [39m[32m200[39m [90m669 ms - 208350[39m
[35m[HTTP][39m [90m[39m
[35m[HTTP][39m [37m-->[39m [37mGET[39m [37m/wd/hub/session/d8f400c0-875a-4c5a-913d-0d1d31909cd5/source[39m
[35m[HTTP][39m [90m{}[39m
[35m[W3C (d8f400c0)][39m Driver proxy active, passing request on via HTTP proxy
[35m[WD Proxy][39m Replacing sessionId 0ea7c7e3-3964-47ec-ae77-c64c1fd14e55 with d8f400c0-875a-4c5a-913d-0d1d31909cd5
[35m[HTTP][39m [37m<-- GET /wd/hub/session/d8f400c0-875a-4c5a-913d-0d1d31909cd5/source [39m[32m200[39m [90m146 ms - 23161[39m
[35m[HTTP][39m [90m[39m
[35m[HTTP][39m [37m-->[39m [37mGET[39m [37m/wd/hub/session/d8f400c0-875a-4c5a-913d-0d1d31909cd5/screenshot[39m
[35m[HTTP][39m [90m{}[39m
[35m[HTTP][39m [37m<-- GET /wd/hub/session/d8f400c0-875a-4c5a-913d-0d1d31909cd5/screenshot [39m[32m200[39m [90m679 ms - 208350[39m
[35m[HTTP][39m [90m[39m
[35m[HTTP][39m [37m-->[39m [37mPOST[39m [37m/wd/hub/session/d8f400c0-875a-4c5a-913d-0d1d31909cd5/elements[39m
[35m[HTTP][39m [90m{"using":"xpath","value":"//*[@class = 'android.widget.Spinner' and @resource-id = 'com.example.mikebanks.bankscorpfinancial:id/spn_accounts' and (@text = '' or . = '')]"}[39m
[35m[HTTP][39m [37m<-- POST /wd/hub/session/d8f400c0-875a-4c5a-913d-0d1d31909cd5/elements [39m[32m200[39m [90m171 ms - 139[39m
[35m[HTTP][39m [90m[39m
[35m[HTTP][39m [37m-->[39m [37mGET[39m [37m/wd/hub/session/d8f400c0-875a-4c5a-913d-0d1d31909cd5/window/rect[39m
[35m[HTTP][39m [90m{}[39m
[35m[HTTP][39m [37m<-- GET /wd/hub/session/d8f400c0-875a-4c5a-913d-0d1d31909cd5/window/rect [39m[32m200[39m [90m12 ms - 50[39m
[35m[HTTP][39m [90m[39m
[35m[HTTP][39m [37m-->[39m [37mPOST[39m [37m/wd/hub/session/d8f400c0-875a-4c5a-913d-0d1d31909cd5/elements[39m
[35m[HTTP][39m [90m{"using":"xpath","value":"//*[@class = 'android.widget.Spinner' and @resource-id = 'com.example.mikebanks.bankscorpfinancial:id/spn_accounts' and (@text = '' or . = '')]"}[39m
[35m[HTTP][39m [37m<-- POST /wd/hub/session/d8f400c0-875a-4c5a-913d-0d1d31909cd5/elements [39m[32m200[39m [90m146 ms - 139[39m
[35m[HTTP][39m [90m[39m
[35m[HTTP][39m [37m-->[39m [37mGET[39m [37m/wd/hub/session/d8f400c0-875a-4c5a-913d-0d1d31909cd5/element/00000000-0000-05c0-ffff-ffff0000006a/location[39m
[35m[HTTP][39m [90m{}[39m
[35m[W3C (d8f400c0)][39m Driver proxy active, passing request on via HTTP proxy
[35m[WD Proxy][39m Replacing sessionId 0ea7c7e3-3964-47ec-ae77-c64c1fd14e55 with d8f400c0-875a-4c5a-913d-0d1d31909cd5
[35m[HTTP][39m [37m<-- GET /wd/hub/session/d8f400c0-875a-4c5a-913d-0d1d31909cd5/element/00000000-0000-05c0-ffff-ffff0000006a/location [39m[32m200[39m [90m38 ms - 76[39m
[35m[HTTP][39m [90m[39m
[35m[HTTP][39m [37m-->[39m [37mPOST[39m [37m/wd/hub/session/d8f400c0-875a-4c5a-913d-0d1d31909cd5/element/00000000-0000-05c0-ffff-ffff0000006a/click[39m
[35m[HTTP][39m [90m{"id":"00000000-0000-05c0-ffff-ffff0000006a"}[39m
[35m[HTTP][39m [37m<-- POST /wd/hub/session/d8f400c0-875a-4c5a-913d-0d1d31909cd5/element/00000000-0000-05c0-ffff-ffff0000006a/click [39m[32m200[39m [90m119 ms - 14[39m
[35m[HTTP][39m [90m[39m
[35m[HTTP][39m [37m-->[39m [37mGET[39m [37m/wd/hub/session/d8f400c0-875a-4c5a-913d-0d1d31909cd5/source[39m
[35m[HTTP][39m [90m{}[39m
[35m[W3C (d8f400c0)][39m Driver proxy active, passing request on via HTTP proxy
[35m[WD Proxy][39m Replacing sessionId 0ea7c7e3-3964-47ec-ae77-c64c1fd14e55 with d8f400c0-875a-4c5a-913d-0d1d31909cd5
[35m[HTTP][39m [37m<-- GET /wd/hub/session/d8f400c0-875a-4c5a-913d-0d1d31909cd5/source [39m[32m200[39m [90m439 ms - 2412[39m
[35m[HTTP][39m [90m[39m
[35m[HTTP][39m [37m-->[39m [37mGET[39m [37m/wd/hub/session/d8f400c0-875a-4c5a-913d-0d1d31909cd5/screenshot[39m
[35m[HTTP][39m [90m{}[39m
[35m[HTTP][39m [37m<-- GET /wd/hub/session/d8f400c0-875a-4c5a-913d-0d1d31909cd5/screenshot [39m[32m200[39m [90m681 ms - 218872[39m
[35m[HTTP][39m [90m[39m
[35m[HTTP][39m [37m-->[39m [37mPOST[39m [37m/wd/hub/session/d8f400c0-875a-4c5a-913d-0d1d31909cd5/elements[39m
[35m[HTTP][39m [90m{"using":"xpath","value":"//*[@class = 'android.widget.CheckedTextView' and (@text = 'Nadya ($25000,00)' or . = 'Nadya ($25000,00)') and @resource-id = 'android:id/text1']"}[39m
[35m[HTTP][39m [37m<-- POST /wd/hub/session/d8f400c0-875a-4c5a-913d-0d1d31909cd5/elements [39m[32m200[39m [90m88 ms - 139[39m
[35m[HTTP][39m [90m[39m
[35m[HTTP][39m [37m-->[39m [37mGET[39m [37m/wd/hub/session/d8f400c0-875a-4c5a-913d-0d1d31909cd5/window/rect[39m
[35m[HTTP][39m [90m{}[39m
[35m[HTTP][39m [37m<-- GET /wd/hub/session/d8f400c0-875a-4c5a-913d-0d1d31909cd5/window/rect [39m[32m200[39m [90m13 ms - 50[39m
[35m[HTTP][39m [90m[39m
[35m[HTTP][39m [37m-->[39m [37mPOST[39m [37m/wd/hub/session/d8f400c0-875a-4c5a-913d-0d1d31909cd5/elements[39m
[35m[HTTP][39m [90m{"using":"xpath","value":"//*[@class = 'android.widget.CheckedTextView' and (@text = 'Nadya ($25000,00)' or . = 'Nadya ($25000,00)') and @resource-id = 'android:id/text1']"}[39m
[35m[HTTP][39m [37m<-- POST /wd/hub/session/d8f400c0-875a-4c5a-913d-0d1d31909cd5/elements [39m[32m200[39m [90m68 ms - 139[39m
[35m[HTTP][39m [90m[39m
[35m[HTTP][39m [37m-->[39m [37mGET[39m [37m/wd/hub/session/d8f400c0-875a-4c5a-913d-0d1d31909cd5/element/00000000-0000-05c1-ffff-ffff000000a2/location[39m
[35m[HTTP][39m [90m{}[39m
[35m[W3C (d8f400c0)][39m Driver proxy active, passing request on via HTTP proxy
[35m[WD Proxy][39m Replacing sessionId 0ea7c7e3-3964-47ec-ae77-c64c1fd14e55 with d8f400c0-875a-4c5a-913d-0d1d31909cd5
[35m[HTTP][39m [37m<-- GET /wd/hub/session/d8f400c0-875a-4c5a-913d-0d1d31909cd5/element/00000000-0000-05c1-ffff-ffff000000a2/location [39m[32m200[39m [90m41 ms - 76[39m
[35m[HTTP][39m [90m[39m
[35m[HTTP][39m [37m-->[39m [37mPOST[39m [37m/wd/hub/session/d8f400c0-875a-4c5a-913d-0d1d31909cd5/element/00000000-0000-05c1-ffff-ffff000000a2/click[39m
[35m[HTTP][39m [90m{"id":"00000000-0000-05c1-ffff-ffff000000a2"}[39m
[35m[HTTP][39m [37m<-- POST /wd/hub/session/d8f400c0-875a-4c5a-913d-0d1d31909cd5/element/00000000-0000-05c1-ffff-ffff000000a2/click [39m[32m200[39m [90m1144 ms - 14[39m
[35m[HTTP][39m [90m[39m
[35m[HTTP][39m [37m-->[39m [37mGET[39m [37m/wd/hub/session/d8f400c0-875a-4c5a-913d-0d1d31909cd5/source[39m
[35m[HTTP][39m [90m{}[39m
[35m[W3C (d8f400c0)][39m Driver proxy active, passing request on via HTTP proxy
[35m[WD Proxy][39m Replacing sessionId 0ea7c7e3-3964-47ec-ae77-c64c1fd14e55 with d8f400c0-875a-4c5a-913d-0d1d31909cd5
[35m[HTTP][39m [37m<-- GET /wd/hub/session/d8f400c0-875a-4c5a-913d-0d1d31909cd5/source [39m[32m200[39m [90m135 ms - 17147[39m
[35m[HTTP][39m [90m[39m
[35m[HTTP][39m [37m-->[39m [37mGET[39m [37m/wd/hub/session/d8f400c0-875a-4c5a-913d-0d1d31909cd5/screenshot[39m
[35m[HTTP][39m [90m{}[39m
[35m[HTTP][39m [37m<-- GET /wd/hub/session/d8f400c0-875a-4c5a-913d-0d1d31909cd5/screenshot [39m[32m200[39m [90m634 ms - 126382[39m
[35m[HTTP][39m [90m[39m
[35m[HTTP][39m [37m-->[39m [37mGET[39m [37m/wd/hub/session/d8f400c0-875a-4c5a-913d-0d1d31909cd5/screenshot[39m
[35m[HTTP][39m [90m{}[39m
[35m[HTTP][39m [37m<-- GET /wd/hub/session/d8f400c0-875a-4c5a-913d-0d1d31909cd5/screenshot [39m[32m200[39m [90m649 ms - 126382[39m
[35m[HTTP][39m [90m[39m
[35m[HTTP][39m [37m-->[39m [37mGET[39m [37m/wd/hub/session/d8f400c0-875a-4c5a-913d-0d1d31909cd5/source[39m
[35m[HTTP][39m [90m{}[39m
[35m[W3C (d8f400c0)][39m Driver proxy active, passing request on via HTTP proxy
[35m[WD Proxy][39m Replacing sessionId 0ea7c7e3-3964-47ec-ae77-c64c1fd14e55 with d8f400c0-875a-4c5a-913d-0d1d31909cd5
[35m[HTTP][39m [37m<-- GET /wd/hub/session/d8f400c0-875a-4c5a-913d-0d1d31909cd5/source [39m[32m200[39m [90m126 ms - 17147[39m
[35m[HTTP][39m [90m[39m
[35m[HTTP][39m [37m-->[39m [37mGET[39m [37m/wd/hub/session/d8f400c0-875a-4c5a-913d-0d1d31909cd5/screenshot[39m
[35m[HTTP][39m [90m{}[39m
[35m[HTTP][39m [37m<-- GET /wd/hub/session/d8f400c0-875a-4c5a-913d-0d1d31909cd5/screenshot [39m[32m200[39m [90m639 ms - 126294[39m
[35m[HTTP][39m [90m[39m
[35m[HTTP][39m [37m-->[39m [37mPOST[39m [37m/wd/hub/session/d8f400c0-875a-4c5a-913d-0d1d31909cd5/elements[39m
[35m[HTTP][39m [90m{"using":"xpath","value":"//*[@class = 'android.widget.Spinner' and @resource-id = 'com.example.mikebanks.bankscorpfinancial:id/spn_date_filter' and (@text = '' or . = '')]"}[39m
[35m[HTTP][39m [37m<-- POST /wd/hub/session/d8f400c0-875a-4c5a-913d-0d1d31909cd5/elements [39m[32m200[39m [90m111 ms - 139[39m
[35m[HTTP][39m [90m[39m
[35m[HTTP][39m [37m-->[39m [37mGET[39m [37m/wd/hub/session/d8f400c0-875a-4c5a-913d-0d1d31909cd5/window/rect[39m
[35m[HTTP][39m [90m{}[39m
[35m[HTTP][39m [37m<-- GET /wd/hub/session/d8f400c0-875a-4c5a-913d-0d1d31909cd5/window/rect [39m[32m200[39m [90m9 ms - 50[39m
[35m[HTTP][39m [90m[39m
[35m[HTTP][39m [37m-->[39m [37mPOST[39m [37m/wd/hub/session/d8f400c0-875a-4c5a-913d-0d1d31909cd5/elements[39m
[35m[HTTP][39m [90m{"using":"xpath","value":"//*[@class = 'android.widget.Spinner' and @resource-id = 'com.example.mikebanks.bankscorpfinancial:id/spn_date_filter' and (@text = '' or . = '')]"}[39m
[35m[HTTP][39m [37m<-- POST /wd/hub/session/d8f400c0-875a-4c5a-913d-0d1d31909cd5/elements [39m[32m200[39m [90m113 ms - 139[39m
[35m[HTTP][39m [90m[39m
[35m[HTTP][39m [37m-->[39m [37mGET[39m [37m/wd/hub/session/d8f400c0-875a-4c5a-913d-0d1d31909cd5/element/00000000-0000-05c0-ffff-ffff0000006c/location[39m
[35m[HTTP][39m [90m{}[39m
[35m[W3C (d8f400c0)][39m Driver proxy active, passing request on via HTTP proxy
[35m[WD Proxy][39m Replacing sessionId 0ea7c7e3-3964-47ec-ae77-c64c1fd14e55 with d8f400c0-875a-4c5a-913d-0d1d31909cd5
[35m[HTTP][39m [37m<-- GET /wd/hub/session/d8f400c0-875a-4c5a-913d-0d1d31909cd5/element/00000000-0000-05c0-ffff-ffff0000006c/location [39m[32m200[39m [90m24 ms - 78[39m
[35m[HTTP][39m [90m[39m
[35m[HTTP][39m [37m-->[39m [37mPOST[39m [37m/wd/hub/session/d8f400c0-875a-4c5a-913d-0d1d31909cd5/element/00000000-0000-05c0-ffff-ffff0000006c/click[39m
[35m[HTTP][39m [90m{"id":"00000000-0000-05c0-ffff-ffff0000006c"}[39m
[35m[HTTP][39m [37m<-- POST /wd/hub/session/d8f400c0-875a-4c5a-913d-0d1d31909cd5/element/00000000-0000-05c0-ffff-ffff0000006c/click [39m[32m200[39m [90m87 ms - 14[39m
[35m[HTTP][39m [90m[39m
[35m[HTTP][39m [37m-->[39m [37mGET[39m [37m/wd/hub/session/d8f400c0-875a-4c5a-913d-0d1d31909cd5/source[39m
[35m[HTTP][39m [90m{}[39m
[35m[W3C (d8f400c0)][39m Driver proxy active, passing request on via HTTP proxy
[35m[WD Proxy][39m Replacing sessionId 0ea7c7e3-3964-47ec-ae77-c64c1fd14e55 with d8f400c0-875a-4c5a-913d-0d1d31909cd5
[35m[HTTP][39m [37m<-- GET /wd/hub/session/d8f400c0-875a-4c5a-913d-0d1d31909cd5/source [39m[32m200[39m [90m391 ms - 2405[39m
[35m[HTTP][39m [90m[39m
[35m[HTTP][39m [37m-->[39m [37mGET[39m [37m/wd/hub/session/d8f400c0-875a-4c5a-913d-0d1d31909cd5/screenshot[39m
[35m[HTTP][39m [90m{}[39m
[35m[HTTP][39m [37m<-- GET /wd/hub/session/d8f400c0-875a-4c5a-913d-0d1d31909cd5/screenshot [39m[32m200[39m [90m652 ms - 141066[39m
[35m[HTTP][39m [90m[39m
[35m[HTTP][39m [37m-->[39m [37mPOST[39m [37m/wd/hub/session/d8f400c0-875a-4c5a-913d-0d1d31909cd5/elements[39m
[35m[HTTP][39m [90m{"using":"xpath","value":"//*[@class = 'android.widget.CheckedTextView' and (@text = 'New - Old' or . = 'New - Old') and @resource-id = 'android:id/text1']"}[39m
[35m[HTTP][39m [37m<-- POST /wd/hub/session/d8f400c0-875a-4c5a-913d-0d1d31909cd5/elements [39m[32m200[39m [90m119 ms - 139[39m
[35m[HTTP][39m [90m[39m
[35m[HTTP][39m [37m-->[39m [37mGET[39m [37m/wd/hub/session/d8f400c0-875a-4c5a-913d-0d1d31909cd5/window/rect[39m
[35m[HTTP][39m [90m{}[39m
[35m[HTTP][39m [37m<-- GET /wd/hub/session/d8f400c0-875a-4c5a-913d-0d1d31909cd5/window/rect [39m[32m200[39m [90m13 ms - 50[39m
[35m[HTTP][39m [90m[39m
[35m[HTTP][39m [37m-->[39m [37mPOST[39m [37m/wd/hub/session/d8f400c0-875a-4c5a-913d-0d1d31909cd5/elements[39m
[35m[HTTP][39m [90m{"using":"xpath","value":"//*[@class = 'android.widget.CheckedTextView' and (@text = 'New - Old' or . = 'New - Old') and @resource-id = 'android:id/text1']"}[39m
[35m[HTTP][39m [37m<-- POST /wd/hub/session/d8f400c0-875a-4c5a-913d-0d1d31909cd5/elements [39m[32m200[39m [90m79 ms - 139[39m
[35m[HTTP][39m [90m[39m
[35m[HTTP][39m [37m-->[39m [37mGET[39m [37m/wd/hub/session/d8f400c0-875a-4c5a-913d-0d1d31909cd5/element/00000000-0000-05c2-ffff-ffff000000ae/location[39m
[35m[HTTP][39m [90m{}[39m
[35m[W3C (d8f400c0)][39m Driver proxy active, passing request on via HTTP proxy
[35m[WD Proxy][39m Replacing sessionId 0ea7c7e3-3964-47ec-ae77-c64c1fd14e55 with d8f400c0-875a-4c5a-913d-0d1d31909cd5
[35m[HTTP][39m [37m<-- GET /wd/hub/session/d8f400c0-875a-4c5a-913d-0d1d31909cd5/element/00000000-0000-05c2-ffff-ffff000000ae/location [39m[32m200[39m [90m29 ms - 78[39m
[35m[HTTP][39m [90m[39m
[35m[HTTP][39m [37m-->[39m [37mPOST[39m [37m/wd/hub/session/d8f400c0-875a-4c5a-913d-0d1d31909cd5/element/00000000-0000-05c2-ffff-ffff000000ae/click[39m
[35m[HTTP][39m [90m{"id":"00000000-0000-05c2-ffff-ffff000000ae"}[39m
[35m[HTTP][39m [37m<-- POST /wd/hub/session/d8f400c0-875a-4c5a-913d-0d1d31909cd5/element/00000000-0000-05c2-ffff-ffff000000ae/click [39m[32m200[39m [90m1133 ms - 14[39m
[35m[HTTP][39m [90m[39m
[35m[HTTP][39m [37m-->[39m [37mGET[39m [37m/wd/hub/session/d8f400c0-875a-4c5a-913d-0d1d31909cd5/source[39m
[35m[HTTP][39m [90m{}[39m
[35m[W3C (d8f400c0)][39m Driver proxy active, passing request on via HTTP proxy
[35m[WD Proxy][39m Replacing sessionId 0ea7c7e3-3964-47ec-ae77-c64c1fd14e55 with d8f400c0-875a-4c5a-913d-0d1d31909cd5
[35m[HTTP][39m [37m<-- GET /wd/hub/session/d8f400c0-875a-4c5a-913d-0d1d31909cd5/source [39m[32m200[39m [90m85 ms - 17147[39m
[35m[HTTP][39m [90m[39m
[35m[HTTP][39m [37m-->[39m [37mGET[39m [37m/wd/hub/session/d8f400c0-875a-4c5a-913d-0d1d31909cd5/screenshot[39m
[35m[HTTP][39m [90m{}[39m
[35m[HTTP][39m [37m<-- GET /wd/hub/session/d8f400c0-875a-4c5a-913d-0d1d31909cd5/screenshot [39m[32m200[39m [90m648 ms - 127362[39m
[35m[HTTP][39m [90m[39m
[35m[HTTP][39m [37m-->[39m [37mPOST[39m [37m/wd/hub/session/d8f400c0-875a-4c5a-913d-0d1d31909cd5/elements[39m
[35m[HTTP][39m [90m{"using":"xpath","value":"//*[@class = 'android.widget.Spinner' and @resource-id = 'com.example.mikebanks.bankscorpfinancial:id/spn_accounts' and (@text = '' or . = '')]"}[39m
[35m[HTTP][39m [37m<-- POST /wd/hub/session/d8f400c0-875a-4c5a-913d-0d1d31909cd5/elements [39m[32m200[39m [90m134 ms - 139[39m
[35m[HTTP][39m [90m[39m
[35m[HTTP][39m [37m-->[39m [37mGET[39m [37m/wd/hub/session/d8f400c0-875a-4c5a-913d-0d1d31909cd5/window/rect[39m
[35m[HTTP][39m [90m{}[39m
[35m[HTTP][39m [37m<-- GET /wd/hub/session/d8f400c0-875a-4c5a-913d-0d1d31909cd5/window/rect [39m[32m200[39m [90m19 ms - 50[39m
[35m[HTTP][39m [90m[39m
[35m[HTTP][39m [37m-->[39m [37mPOST[39m [37m/wd/hub/session/d8f400c0-875a-4c5a-913d-0d1d31909cd5/elements[39m
[35m[HTTP][39m [90m{"using":"xpath","value":"//*[@class = 'android.widget.Spinner' and @resource-id = 'com.example.mikebanks.bankscorpfinancial:id/spn_accounts' and (@text = '' or . = '')]"}[39m
[35m[HTTP][39m [37m<-- POST /wd/hub/session/d8f400c0-875a-4c5a-913d-0d1d31909cd5/elements [39m[32m200[39m [90m131 ms - 139[39m
[35m[HTTP][39m [90m[39m
[35m[HTTP][39m [37m-->[39m [37mGET[39m [37m/wd/hub/session/d8f400c0-875a-4c5a-913d-0d1d31909cd5/element/00000000-0000-05c0-ffff-ffff0000006a/location[39m
[35m[HTTP][39m [90m{}[39m
[35m[W3C (d8f400c0)][39m Driver proxy active, passing request on via HTTP proxy
[35m[WD Proxy][39m Replacing sessionId 0ea7c7e3-3964-47ec-ae77-c64c1fd14e55 with d8f400c0-875a-4c5a-913d-0d1d31909cd5
[35m[HTTP][39m [37m<-- GET /wd/hub/session/d8f400c0-875a-4c5a-913d-0d1d31909cd5/element/00000000-0000-05c0-ffff-ffff0000006a/location [39m[32m200[39m [90m33 ms - 76[39m
[35m[HTTP][39m [90m[39m
[35m[HTTP][39m [37m-->[39m [37mPOST[39m [37m/wd/hub/session/d8f400c0-875a-4c5a-913d-0d1d31909cd5/element/00000000-0000-05c0-ffff-ffff0000006a/click[39m
[35m[HTTP][39m [90m{"id":"00000000-0000-05c0-ffff-ffff0000006a"}[39m
[35m[HTTP][39m [37m<-- POST /wd/hub/session/d8f400c0-875a-4c5a-913d-0d1d31909cd5/element/00000000-0000-05c0-ffff-ffff0000006a/click [39m[32m200[39m [90m105 ms - 14[39m
[35m[HTTP][39m [90m[39m
[35m[HTTP][39m [37m-->[39m [37mGET[39m [37m/wd/hub/session/d8f400c0-875a-4c5a-913d-0d1d31909cd5/source[39m
[35m[HTTP][39m [90m{}[39m
[35m[W3C (d8f400c0)][39m Driver proxy active, passing request on via HTTP proxy
[35m[WD Proxy][39m Replacing sessionId 0ea7c7e3-3964-47ec-ae77-c64c1fd14e55 with d8f400c0-875a-4c5a-913d-0d1d31909cd5
[35m[HTTP][39m [37m<-- GET /wd/hub/session/d8f400c0-875a-4c5a-913d-0d1d31909cd5/source [39m[32m200[39m [90m392 ms - 2412[39m
[35m[HTTP][39m [90m[39m
[35m[HTTP][39m [37m-->[39m [37mGET[39m [37m/wd/hub/session/d8f400c0-875a-4c5a-913d-0d1d31909cd5/screenshot[39m
[35m[HTTP][39m [90m{}[39m
[35m[HTTP][39m [37m<-- GET /wd/hub/session/d8f400c0-875a-4c5a-913d-0d1d31909cd5/screenshot [39m[32m200[39m [90m643 ms - 138844[39m
[35m[HTTP][39m [90m[39m
[35m[HTTP][39m [37m-->[39m [37mPOST[39m [37m/wd/hub/session/d8f400c0-875a-4c5a-913d-0d1d31909cd5/elements[39m
[35m[HTTP][39m [90m{"using":"xpath","value":"//*[@class = 'android.widget.CheckedTextView' and (@text = 'Kimura ($25000,00)' or . = 'Kimura ($25000,00)') and @resource-id = 'android:id/text1']"}[39m
[35m[HTTP][39m [37m<-- POST /wd/hub/session/d8f400c0-875a-4c5a-913d-0d1d31909cd5/elements [39m[32m200[39m [90m109 ms - 139[39m
[35m[HTTP][39m [90m[39m
[35m[HTTP][39m [37m-->[39m [37mGET[39m [37m/wd/hub/session/d8f400c0-875a-4c5a-913d-0d1d31909cd5/window/rect[39m
[35m[HTTP][39m [90m{}[39m
[35m[HTTP][39m [37m<-- GET /wd/hub/session/d8f400c0-875a-4c5a-913d-0d1d31909cd5/window/rect [39m[32m200[39m [90m16 ms - 50[39m
[35m[HTTP][39m [90m[39m
[35m[HTTP][39m [37m-->[39m [37mPOST[39m [37m/wd/hub/session/d8f400c0-875a-4c5a-913d-0d1d31909cd5/elements[39m
[35m[HTTP][39m [90m{"using":"xpath","value":"//*[@class = 'android.widget.CheckedTextView' and (@text = 'Kimura ($25000,00)' or . = 'Kimura ($25000,00)') and @resource-id = 'android:id/text1']"}[39m
[35m[HTTP][39m [37m<-- POST /wd/hub/session/d8f400c0-875a-4c5a-913d-0d1d31909cd5/elements [39m[32m200[39m [90m92 ms - 139[39m
[35m[HTTP][39m [90m[39m
[35m[HTTP][39m [37m-->[39m [37mGET[39m [37m/wd/hub/session/d8f400c0-875a-4c5a-913d-0d1d31909cd5/element/00000000-0000-05c3-ffff-ffff000000ba/location[39m
[35m[HTTP][39m [90m{}[39m
[35m[W3C (d8f400c0)][39m Driver proxy active, passing request on via HTTP proxy
[35m[WD Proxy][39m Replacing sessionId 0ea7c7e3-3964-47ec-ae77-c64c1fd14e55 with d8f400c0-875a-4c5a-913d-0d1d31909cd5
[35m[HTTP][39m [37m<-- GET /wd/hub/session/d8f400c0-875a-4c5a-913d-0d1d31909cd5/element/00000000-0000-05c3-ffff-ffff000000ba/location [39m[32m200[39m [90m33 ms - 76[39m
[35m[HTTP][39m [90m[39m
[35m[HTTP][39m [37m-->[39m [37mPOST[39m [37m/wd/hub/session/d8f400c0-875a-4c5a-913d-0d1d31909cd5/element/00000000-0000-05c3-ffff-ffff000000ba/click[39m
[35m[HTTP][39m [90m{"id":"00000000-0000-05c3-ffff-ffff000000ba"}[39m
[35m[HTTP][39m [37m<-- POST /wd/hub/session/d8f400c0-875a-4c5a-913d-0d1d31909cd5/element/00000000-0000-05c3-ffff-ffff000000ba/click [39m[32m200[39m [90m872 ms - 14[39m
[35m[HTTP][39m [90m[39m
[35m[HTTP][39m [37m-->[39m [37mGET[39m [37m/wd/hub/session/d8f400c0-875a-4c5a-913d-0d1d31909cd5/source[39m
[35m[HTTP][39m [90m{}[39m
[35m[W3C (d8f400c0)][39m Driver proxy active, passing request on via HTTP proxy
[35m[WD Proxy][39m Replacing sessionId 0ea7c7e3-3964-47ec-ae77-c64c1fd14e55 with d8f400c0-875a-4c5a-913d-0d1d31909cd5
[35m[HTTP][39m [37m<-- GET /wd/hub/session/d8f400c0-875a-4c5a-913d-0d1d31909cd5/source [39m[32m200[39m [90m105 ms - 23162[39m
[35m[HTTP][39m [90m[39m
[35m[HTTP][39m [37m-->[39m [37mGET[39m [37m/wd/hub/session/d8f400c0-875a-4c5a-913d-0d1d31909cd5/screenshot[39m
[35m[HTTP][39m [90m{}[39m
[35m[HTTP][39m [37m<-- GET /wd/hub/session/d8f400c0-875a-4c5a-913d-0d1d31909cd5/screenshot [39m[32m200[39m [90m662 ms - 209230[39m
[35m[HTTP][39m [90m[39m
[35m[HTTP][39m [37m-->[39m [37mPOST[39m [37m/wd/hub/session/d8f400c0-875a-4c5a-913d-0d1d31909cd5/elements[39m
[35m[HTTP][39m [90m{"using":"xpath","value":"//*[@class = 'android.widget.ImageButton' and (@text = '' or . = '')]"}[39m
[35m[HTTP][39m [37m<-- POST /wd/hub/session/d8f400c0-875a-4c5a-913d-0d1d31909cd5/elements [39m[32m200[39m [90m328 ms - 139[39m
[35m[HTTP][39m [90m[39m
[35m[HTTP][39m [37m-->[39m [37mGET[39m [37m/wd/hub/session/d8f400c0-875a-4c5a-913d-0d1d31909cd5/window/rect[39m
[35m[HTTP][39m [90m{}[39m
[35m[HTTP][39m [37m<-- GET /wd/hub/session/d8f400c0-875a-4c5a-913d-0d1d31909cd5/window/rect [39m[32m200[39m [90m17 ms - 50[39m
[35m[HTTP][39m [90m[39m
[35m[HTTP][39m [37m-->[39m [37mPOST[39m [37m/wd/hub/session/d8f400c0-875a-4c5a-913d-0d1d31909cd5/elements[39m
[35m[HTTP][39m [90m{"using":"xpath","value":"//*[@class = 'android.widget.ImageButton' and (@text = '' or . = '')]"}[39m
[35m[HTTP][39m [37m<-- POST /wd/hub/session/d8f400c0-875a-4c5a-913d-0d1d31909cd5/elements [39m[32m200[39m [90m120 ms - 139[39m
[35m[HTTP][39m [90m[39m
[35m[HTTP][39m [37m-->[39m [37mGET[39m [37m/wd/hub/session/d8f400c0-875a-4c5a-913d-0d1d31909cd5/element/00000000-0000-05c0-ffff-ffff00000026/location[39m
[35m[HTTP][39m [90m{}[39m
[35m[W3C (d8f400c0)][39m Driver proxy active, passing request on via HTTP proxy
[35m[WD Proxy][39m Replacing sessionId 0ea7c7e3-3964-47ec-ae77-c64c1fd14e55 with d8f400c0-875a-4c5a-913d-0d1d31909cd5
[35m[HTTP][39m [37m<-- GET /wd/hub/session/d8f400c0-875a-4c5a-913d-0d1d31909cd5/element/00000000-0000-05c0-ffff-ffff00000026/location [39m[32m200[39m [90m29 ms - 75[39m
[35m[HTTP][39m [90m[39m
[35m[HTTP][39m [37m-->[39m [37mPOST[39m [37m/wd/hub/session/d8f400c0-875a-4c5a-913d-0d1d31909cd5/element/00000000-0000-05c0-ffff-ffff00000026/click[39m
[35m[HTTP][39m [90m{"id":"00000000-0000-05c0-ffff-ffff00000026"}[39m
[35m[HTTP][39m [37m<-- POST /wd/hub/session/d8f400c0-875a-4c5a-913d-0d1d31909cd5/element/00000000-0000-05c0-ffff-ffff00000026/click [39m[32m200[39m [90m102 ms - 14[39m
[35m[HTTP][39m [90m[39m
[35m[HTTP][39m [37m-->[39m [37mGET[39m [37m/wd/hub/session/d8f400c0-875a-4c5a-913d-0d1d31909cd5/source[39m
[35m[HTTP][39m [90m{}[39m
[35m[W3C (d8f400c0)][39m Driver proxy active, passing request on via HTTP proxy
[35m[WD Proxy][39m Replacing sessionId 0ea7c7e3-3964-47ec-ae77-c64c1fd14e55 with d8f400c0-875a-4c5a-913d-0d1d31909cd5
[35m[HTTP][39m [37m<-- GET /wd/hub/session/d8f400c0-875a-4c5a-913d-0d1d31909cd5/source [39m[32m200[39m [90m211 ms - 15741[39m
[35m[HTTP][39m [90m[39m
[35m[HTTP][39m [37m-->[39m [37mGET[39m [37m/wd/hub/session/d8f400c0-875a-4c5a-913d-0d1d31909cd5/screenshot[39m
[35m[HTTP][39m [90m{}[39m
[35m[HTTP][39m [37m<-- GET /wd/hub/session/d8f400c0-875a-4c5a-913d-0d1d31909cd5/screenshot [39m[32m200[39m [90m650 ms - 177426[39m
[35m[HTTP][39m [90m[39m
[35m[HTTP][39m [37m-->[39m [37mGET[39m [37m/wd/hub/session/d8f400c0-875a-4c5a-913d-0d1d31909cd5/screenshot[39m
[35m[HTTP][39m [90m{}[39m
[35m[HTTP][39m [37m<-- GET /wd/hub/session/d8f400c0-875a-4c5a-913d-0d1d31909cd5/screenshot [39m[32m200[39m [90m665 ms - 177426[39m
[35m[HTTP][39m [90m[39m
[35m[HTTP][39m [37m-->[39m [37mGET[39m [37m/wd/hub/session/d8f400c0-875a-4c5a-913d-0d1d31909cd5/source[39m
[35m[HTTP][39m [90m{}[39m
[35m[W3C (d8f400c0)][39m Driver proxy active, passing request on via HTTP proxy
[35m[WD Proxy][39m Replacing sessionId 0ea7c7e3-3964-47ec-ae77-c64c1fd14e55 with d8f400c0-875a-4c5a-913d-0d1d31909cd5
[35m[HTTP][39m [37m<-- GET /wd/hub/session/d8f400c0-875a-4c5a-913d-0d1d31909cd5/source [39m[32m200[39m [90m121 ms - 15741[39m
[35m[HTTP][39m [90m[39m
[35m[HTTP][39m [37m-->[39m [37mGET[39m [37m/wd/hub/session/d8f400c0-875a-4c5a-913d-0d1d31909cd5/screenshot[39m
[35m[HTTP][39m [90m{}[39m
[35m[HTTP][39m [37m<-- GET /wd/hub/session/d8f400c0-875a-4c5a-913d-0d1d31909cd5/screenshot [39m[32m200[39m [90m652 ms - 177426[39m
[35m[HTTP][39m [90m[39m
[35m[HTTP][39m [37m-->[39m [37mDELETE[39m [37m/wd/hub/session/d8f400c0-875a-4c5a-913d-0d1d31909cd5[39m
[35m[HTTP][39m [90m{}[39m
[35m[Appium][39m Removing session d8f400c0-875a-4c5a-913d-0d1d31909cd5 from our master session list
[35m[UiAutomator2][39m Restoring hidden api policy to the device default configuration
[35m[HTTP][39m [37m<-- DELETE /wd/hub/session/d8f400c0-875a-4c5a-913d-0d1d31909cd5 [39m[32m200[39m [90m633 ms - 14[39m
[35m[HTTP][39m [90m[39m
